{"/home/caiomenezes/Pessoal/Repositórios/JSExpert-Spotify/server/config.js": {"path":"/home/caiomenezes/Pessoal/Repositórios/JSExpert-Spotify/server/config.js","statementMap":{"0":{"start":{"line":4,"column":19},"end":{"line":4,"column":58}},"1":{"start":{"line":5,"column":13},"end":{"line":5,"column":36}},"2":{"start":{"line":6,"column":23},"end":{"line":6,"column":42}},"3":{"start":{"line":7,"column":24},"end":{"line":7,"column":44}},"4":{"start":{"line":8,"column":23},"end":{"line":8,"column":52}},"5":{"start":{"line":9,"column":20},"end":{"line":9,"column":46}}},"fnMap":{},"branchMap":{"0":{"loc":{"start":{"line":12,"column":13},"end":{"line":12,"column":45}},"type":"binary-expr","locations":[{"start":{"line":12,"column":13},"end":{"line":12,"column":36}},{"start":{"line":12,"column":40},"end":{"line":12,"column":45}}],"line":12},"1":{"loc":{"start":{"line":13,"column":7},"end":{"line":13,"column":31}},"type":"binary-expr","locations":[{"start":{"line":13,"column":7},"end":{"line":13,"column":23}},{"start":{"line":13,"column":27},"end":{"line":13,"column":31}}],"line":13}},"s":{"0":3,"1":3,"2":3,"3":3,"4":3,"5":3},"f":{},"b":{"0":[3,3],"1":[3,3]},"_coverageSchema":"1a1c01bbd47fc00a2c39e90264f33305004495a9","hash":"f23c04fe917dfca4c58f8c8b9b0375e99e42ba04"}
,"/home/caiomenezes/Pessoal/Repositórios/JSExpert-Spotify/server/controller.js": {"path":"/home/caiomenezes/Pessoal/Repositórios/JSExpert-Spotify/server/controller.js","statementMap":{"0":{"start":{"line":5,"column":2},"end":{"line":5,"column":31}},"1":{"start":{"line":9,"column":2},"end":{"line":9,"column":46}}},"fnMap":{"0":{"name":"(anonymous_0)","decl":{"start":{"line":4,"column":1},"end":{"line":4,"column":2}},"loc":{"start":{"line":4,"column":15},"end":{"line":6,"column":2}},"line":4},"1":{"name":"(anonymous_1)","decl":{"start":{"line":8,"column":1},"end":{"line":8,"column":2}},"loc":{"start":{"line":8,"column":31},"end":{"line":10,"column":2}},"line":8}},"branchMap":{},"s":{"0":2,"1":1},"f":{"0":2,"1":1},"b":{},"_coverageSchema":"1a1c01bbd47fc00a2c39e90264f33305004495a9","hash":"596b5fe3a4717cb0672d1b3fca4538accc535833"}
,"/home/caiomenezes/Pessoal/Repositórios/JSExpert-Spotify/server/routes.js": {"path":"/home/caiomenezes/Pessoal/Repositórios/JSExpert-Spotify/server/routes.js","statementMap":{"0":{"start":{"line":9,"column":4},"end":{"line":9,"column":10}},"1":{"start":{"line":11,"column":19},"end":{"line":11,"column":35}},"2":{"start":{"line":14,"column":25},"end":{"line":14,"column":32}},"3":{"start":{"line":16,"column":1},"end":{"line":22,"column":2}},"4":{"start":{"line":17,"column":2},"end":{"line":19,"column":5}},"5":{"start":{"line":21,"column":2},"end":{"line":21,"column":24}},"6":{"start":{"line":24,"column":1},"end":{"line":28,"column":2}},"7":{"start":{"line":25,"column":21},"end":{"line":25,"column":61}},"8":{"start":{"line":27,"column":2},"end":{"line":27,"column":31}},"9":{"start":{"line":30,"column":1},"end":{"line":34,"column":2}},"10":{"start":{"line":31,"column":21},"end":{"line":31,"column":67}},"11":{"start":{"line":33,"column":2},"end":{"line":33,"column":31}},"12":{"start":{"line":36,"column":1},"end":{"line":48,"column":2}},"13":{"start":{"line":37,"column":27},"end":{"line":37,"column":62}},"14":{"start":{"line":39,"column":22},"end":{"line":39,"column":40}},"15":{"start":{"line":41,"column":2},"end":{"line":45,"column":3}},"16":{"start":{"line":42,"column":3},"end":{"line":44,"column":6}},"17":{"start":{"line":47,"column":2},"end":{"line":47,"column":31}},"18":{"start":{"line":50,"column":1},"end":{"line":50,"column":25}},"19":{"start":{"line":52,"column":1},"end":{"line":52,"column":16}},"20":{"start":{"line":56,"column":1},"end":{"line":62,"column":2}},"21":{"start":{"line":57,"column":2},"end":{"line":57,"column":48}},"22":{"start":{"line":59,"column":2},"end":{"line":59,"column":26}},"23":{"start":{"line":61,"column":2},"end":{"line":61,"column":24}},"24":{"start":{"line":64,"column":1},"end":{"line":64,"column":52}},"25":{"start":{"line":66,"column":1},"end":{"line":66,"column":25}},"26":{"start":{"line":68,"column":1},"end":{"line":68,"column":23}},"27":{"start":{"line":72,"column":1},"end":{"line":74,"column":3}},"28":{"start":{"line":73,"column":2},"end":{"line":73,"column":31}}},"fnMap":{"0":{"name":"routes","decl":{"start":{"line":13,"column":15},"end":{"line":13,"column":21}},"loc":{"start":{"line":13,"column":41},"end":{"line":53,"column":1}},"line":13},"1":{"name":"handlerError","decl":{"start":{"line":55,"column":9},"end":{"line":55,"column":21}},"loc":{"start":{"line":55,"column":39},"end":{"line":69,"column":1}},"line":55},"2":{"name":"handler","decl":{"start":{"line":71,"column":16},"end":{"line":71,"column":23}},"loc":{"start":{"line":71,"column":43},"end":{"line":75,"column":1}},"line":71},"3":{"name":"(anonymous_3)","decl":{"start":{"line":72,"column":40},"end":{"line":72,"column":41}},"loc":{"start":{"line":73,"column":2},"end":{"line":73,"column":31}},"line":73}},"branchMap":{"0":{"loc":{"start":{"line":16,"column":1},"end":{"line":22,"column":2}},"type":"if","locations":[{"start":{"line":16,"column":1},"end":{"line":22,"column":2}},{"start":{},"end":{}}],"line":16},"1":{"loc":{"start":{"line":16,"column":5},"end":{"line":16,"column":36}},"type":"binary-expr","locations":[{"start":{"line":16,"column":5},"end":{"line":16,"column":21}},{"start":{"line":16,"column":25},"end":{"line":16,"column":36}}],"line":16},"2":{"loc":{"start":{"line":24,"column":1},"end":{"line":28,"column":2}},"type":"if","locations":[{"start":{"line":24,"column":1},"end":{"line":28,"column":2}},{"start":{},"end":{}}],"line":24},"3":{"loc":{"start":{"line":24,"column":5},"end":{"line":24,"column":40}},"type":"binary-expr","locations":[{"start":{"line":24,"column":5},"end":{"line":24,"column":21}},{"start":{"line":24,"column":25},"end":{"line":24,"column":40}}],"line":24},"4":{"loc":{"start":{"line":30,"column":1},"end":{"line":34,"column":2}},"type":"if","locations":[{"start":{"line":30,"column":1},"end":{"line":34,"column":2}},{"start":{},"end":{}}],"line":30},"5":{"loc":{"start":{"line":30,"column":5},"end":{"line":30,"column":46}},"type":"binary-expr","locations":[{"start":{"line":30,"column":5},"end":{"line":30,"column":21}},{"start":{"line":30,"column":25},"end":{"line":30,"column":46}}],"line":30},"6":{"loc":{"start":{"line":36,"column":1},"end":{"line":48,"column":2}},"type":"if","locations":[{"start":{"line":36,"column":1},"end":{"line":48,"column":2}},{"start":{},"end":{}}],"line":36},"7":{"loc":{"start":{"line":41,"column":2},"end":{"line":45,"column":3}},"type":"if","locations":[{"start":{"line":41,"column":2},"end":{"line":45,"column":3}},{"start":{},"end":{}}],"line":41},"8":{"loc":{"start":{"line":56,"column":1},"end":{"line":62,"column":2}},"type":"if","locations":[{"start":{"line":56,"column":1},"end":{"line":62,"column":2}},{"start":{},"end":{}}],"line":56}},"s":{"0":1,"1":1,"2":8,"3":8,"4":1,"5":1,"6":7,"7":1,"8":1,"9":6,"10":1,"11":1,"12":5,"13":4,"14":2,"15":2,"16":1,"17":2,"18":1,"19":1,"20":2,"21":1,"22":1,"23":1,"24":1,"25":1,"26":1,"27":8,"28":2},"f":{"0":8,"1":2,"2":8,"3":2},"b":{"0":[1,7],"1":[8,7],"2":[1,6],"3":[7,6],"4":[1,5],"5":[6,5],"6":[4,1],"7":[1,1],"8":[1,1]},"_coverageSchema":"1a1c01bbd47fc00a2c39e90264f33305004495a9","hash":"619b9aecaec64910b32163011133fef1c14ecf5c"}
,"/home/caiomenezes/Pessoal/Repositórios/JSExpert-Spotify/server/service.js": {"path":"/home/caiomenezes/Pessoal/Repositórios/JSExpert-Spotify/server/service.js","statementMap":{"0":{"start":{"line":8,"column":4},"end":{"line":8,"column":10}},"1":{"start":{"line":12,"column":2},"end":{"line":12,"column":39}},"2":{"start":{"line":16,"column":23},"end":{"line":16,"column":54}},"3":{"start":{"line":19,"column":2},"end":{"line":19,"column":40}},"4":{"start":{"line":21,"column":19},"end":{"line":21,"column":40}},"5":{"start":{"line":23,"column":2},"end":{"line":26,"column":4}},"6":{"start":{"line":30,"column":25},"end":{"line":30,"column":57}},"7":{"start":{"line":32,"column":2},"end":{"line":35,"column":4}}},"fnMap":{"0":{"name":"(anonymous_0)","decl":{"start":{"line":11,"column":1},"end":{"line":11,"column":2}},"loc":{"start":{"line":11,"column":28},"end":{"line":13,"column":2}},"line":11},"1":{"name":"(anonymous_1)","decl":{"start":{"line":15,"column":1},"end":{"line":15,"column":2}},"loc":{"start":{"line":15,"column":29},"end":{"line":27,"column":2}},"line":15},"2":{"name":"(anonymous_2)","decl":{"start":{"line":29,"column":1},"end":{"line":29,"column":2}},"loc":{"start":{"line":29,"column":31},"end":{"line":36,"column":2}},"line":29}},"branchMap":{},"s":{"0":3,"1":1,"2":1,"3":1,"4":1,"5":1,"6":1,"7":1},"f":{"0":1,"1":1,"2":1},"b":{},"_coverageSchema":"1a1c01bbd47fc00a2c39e90264f33305004495a9","hash":"a9a58996592454688f827090793faa89d70dee8b"}
,"/home/caiomenezes/Pessoal/Repositórios/JSExpert-Spotify/server/util.js": {"path":"/home/caiomenezes/Pessoal/Repositórios/JSExpert-Spotify/server/util.js","statementMap":{"0":{"start":{"line":4,"column":12},"end":{"line":12,"column":2}},"1":{"start":{"line":14,"column":22},"end":{"line":14,"column":25}}},"fnMap":{},"branchMap":{},"s":{"0":1,"1":1},"f":{},"b":{},"_coverageSchema":"1a1c01bbd47fc00a2c39e90264f33305004495a9","hash":"0016024eb4db5f264e97f2d06175ad930ca725d1"}
}
