TN:
SF:server/config.js
FNF:0
FNH:0
DA:4,3
DA:5,3
DA:6,3
DA:7,3
DA:8,3
DA:9,3
LF:6
LH:6
BRDA:12,0,0,3
BRDA:12,0,1,3
BRDA:13,1,0,3
BRDA:13,1,1,3
BRF:4
BRH:4
end_of_record
TN:
SF:server/controller.js
FN:4,(anonymous_0)
FN:8,(anonymous_1)
FNF:2
FNH:2
FNDA:2,(anonymous_0)
FNDA:1,(anonymous_1)
DA:5,2
DA:9,1
LF:2
LH:2
BRF:0
BRH:0
end_of_record
TN:
SF:server/routes.js
FN:13,routes
FN:55,handlerError
FN:71,handler
FN:72,(anonymous_3)
FNF:4
FNH:4
FNDA:8,routes
FNDA:2,handlerError
FNDA:8,handler
FNDA:2,(anonymous_3)
DA:9,1
DA:11,1
DA:14,8
DA:16,8
DA:17,1
DA:21,1
DA:24,7
DA:25,1
DA:27,1
DA:30,6
DA:31,1
DA:33,1
DA:36,5
DA:37,4
DA:39,2
DA:41,2
DA:42,1
DA:47,2
DA:50,1
DA:52,1
DA:56,2
DA:57,1
DA:59,1
DA:61,1
DA:64,1
DA:66,1
DA:68,1
DA:72,8
DA:73,2
LF:29
LH:29
BRDA:16,0,0,1
BRDA:16,0,1,7
BRDA:16,1,0,8
BRDA:16,1,1,7
BRDA:24,2,0,1
BRDA:24,2,1,6
BRDA:24,3,0,7
BRDA:24,3,1,6
BRDA:30,4,0,1
BRDA:30,4,1,5
BRDA:30,5,0,6
BRDA:30,5,1,5
BRDA:36,6,0,4
BRDA:36,6,1,1
BRDA:41,7,0,1
BRDA:41,7,1,1
BRDA:56,8,0,1
BRDA:56,8,1,1
BRF:18
BRH:18
end_of_record
TN:
SF:server/service.js
FN:11,(anonymous_0)
FN:15,(anonymous_1)
FN:29,(anonymous_2)
FNF:3
FNH:3
FNDA:1,(anonymous_0)
FNDA:1,(anonymous_1)
FNDA:1,(anonymous_2)
DA:8,3
DA:12,1
DA:16,1
DA:19,1
DA:21,1
DA:23,1
DA:30,1
DA:32,1
LF:8
LH:8
BRF:0
BRH:0
end_of_record
TN:
SF:server/util.js
FNF:0
FNH:0
DA:4,1
DA:14,1
LF:2
LH:2
BRF:0
BRH:0
end_of_record
